Mono path[0] = 'C:/Users/aeqv-upc/Documents/Hollow-Knight-Silksong-AnkerGames/Hollow Knight Silksong/Hollow Knight Silksong_Data/Managed'
Mono config path = 'C:/Users/aeqv-upc/Documents/Hollow-Knight-Silksong-AnkerGames/Hollow Knight Silksong/MonoBleedingEdge/etc'
Input System module state changed to: Initialized.
[Physics::Module] Initialized fallback backend.
[Physics::Module] Id: 0xdecafbad
Initialize engine version: 6000.0.50f1-uum-100966-branch1 (16f07294548e)
[Subsystems] Discovering subsystems at path C:/Users/aeqv-upc/Documents/Hollow-Knight-Silksong-AnkerGames/Hollow Knight Silksong/Hollow Knight Silksong_Data/UnitySubsystems
GfxDevice: creating device client; kGfxThreadingModeThreaded
Direct3D:
    Version:  Direct3D 11.0 [level 11.1]
    Renderer: NVIDIA RTX 500 Ada Generation Laptop GPU (ID=0x28ba)
    Vendor:   NVIDIA
    VRAM:     3893 MB
    Driver:   32.0.15.7366
Begin MonoManager ReloadAssembly
- Loaded All Assemblies, in  8.788 seconds
- Finished resetting the current domain, in  0.003 seconds
[Physics::Module] Selected backend.
[Physics::Module] Name: PhysX
[Physics::Module] Id: 0xf2b8ea05
[Physics::Module] SDK Version: 4.1.2
[Physics::Module] Integration Version: 1.0.0
[Physics::Module] Threading Mode: Multi-Threaded
<RI> Initializing input.
Using Windows.Gaming.Input
XInput1_3.dll not found. Trying XInput9_1_0.dll instead...
<RI> Input initialized.
<RI> Initialized touch support.
UnloadTime: 0.659300 ms
Steam initializing
Steam logged in as AnkerGames
Selected online subsystem SteamOnlineSubsystem
Steam stats received.
Unloading 5 Unused Serialized files (Serialized files now loaded: 513)
UnloadTime: 1.336800 ms
Discovered supported languages: DE, EN, ES, FR, IT, JA, KO, PT, RU, ZH
Loaded saved language code 'EN'
Restored language code 'EN'
Couldn't find a Game Manager, make sure one exists in the scene.
Couldn't find a Game Manager, make sure one exists in the scene.
Couldn't find GameCameras, make sure one exists in the scene.
Unloading 51 unused Assets to reduce memory usage. Loaded Objects now: 6490.
Total: 2.419200 ms (FindLiveObjects: 0.231900 ms CreateObjectMapping: 0.172900 ms MarkObjects: 1.991200 ms  DeleteObjects: 0.020400 ms)

Unloading 1 Unused Serialized files (Serialized files now loaded: 528)
Unloading 1 unused Assets to reduce memory usage. Loaded Objects now: 6505.
Total: 2.700000 ms (FindLiveObjects: 0.222400 ms CreateObjectMapping: 0.156200 ms MarkObjects: 2.308000 ms  DeleteObjects: 0.013300 ms)

Unloading 2 Unused Serialized files (Serialized files now loaded: 582)
Couldn't find GameCameras, make sure one exists in the scene.
Couldn't find a Game Manager, make sure one exists in the scene.
UnloadTime: 4.497900 ms
Loaded saved language code 'EN'
Restored language code 'EN'
Unloading 73 unused Assets to reduce memory usage. Loaded Objects now: 67996.
Total: 17.700500 ms (FindLiveObjects: 2.848100 ms CreateObjectMapping: 2.030600 ms MarkObjects: 12.526400 ms  DeleteObjects: 0.294900 ms)

MenuButton missing flashEffect!
Making UI menu lean.
Only custom filters can be played. Please add a custom filter or an audioclip to the audiosource (Audio Player Actor Distant V2(Clone)).
Only custom filters can be played. Please add a custom filter or an audioclip to the audiosource (Audio Player Actor Distant V2(Clone)).
Only custom filters can be played. Please add a custom filter or an audioclip to the audiosource (Audio Player Actor Distant V2(Clone)).
Unloading 3 Unused Serialized files (Serialized files now loaded: 584)
Unloading 118 unused Assets to reduce memory usage. Loaded Objects now: 121547.
Total: 37.308900 ms (FindLiveObjects: 6.502800 ms CreateObjectMapping: 5.954100 ms MarkObjects: 24.115200 ms  DeleteObjects: 0.736200 ms)

Converting Vertex Colors from Color32 to Color.
Converting Vertex Colors from Color32 to Color.
Converting Vertex Colors from Color32 to Color.
