Mono path[0] = 'C:/Users/aeqv-upc/Documents/Hollow-Knight-Silksong-AnkerGames/Hollow Knight Silksong/Hollow Knight Silksong_Data/Managed'
Mono config path = 'C:/Users/aeqv-upc/Documents/Hollow-Knight-Silksong-AnkerGames/Hollow Knight Silksong/MonoBleedingEdge/etc'
Input System module state changed to: Initialized.
[Physics::Module] Initialized fallback backend.
[Physics::Module] Id: 0xdecafbad
Initialize engine version: 6000.0.50f1-uum-100966-branch1 (16f07294548e)
[Subsystems] Discovering subsystems at path C:/Users/aeqv-upc/Documents/Hollow-Knight-Silksong-AnkerGames/Hollow Knight Silksong/Hollow Knight Silksong_Data/UnitySubsystems
GfxDevice: creating device client; kGfxThreadingModeThreaded
Direct3D:
    Version:  Direct3D 11.0 [level 11.1]
    Renderer: NVIDIA RTX 500 Ada Generation Laptop GPU (ID=0x28ba)
    Vendor:   NVIDIA
    VRAM:     3893 MB
    Driver:   32.0.15.7366
Begin MonoManager ReloadAssembly
- Loaded All Assemblies, in  0.087 seconds
- Finished resetting the current domain, in  0.001 seconds
[Physics::Module] Selected backend.
[Physics::Module] Name: PhysX
[Physics::Module] Id: 0xf2b8ea05
[Physics::Module] SDK Version: 4.1.2
[Physics::Module] Integration Version: 1.0.0
[Physics::Module] Threading Mode: Multi-Threaded
<RI> Initializing input.
Using Windows.Gaming.Input
XInput1_3.dll not found. Trying XInput9_1_0.dll instead...
<RI> Input initialized.
<RI> Initialized touch support.
UnloadTime: 0.405900 ms
Steam initializing
Steam logged in as AnkerGames
Selected online subsystem SteamOnlineSubsystem
Steam stats received.
Unloading 5 Unused Serialized files (Serialized files now loaded: 528)
UnloadTime: 1.603900 ms
Discovered supported languages: DE, EN, ES, FR, IT, JA, KO, PT, RU, ZH
Loaded saved language code 'EN'
Restored language code 'EN'
Couldn't find a Game Manager, make sure one exists in the scene.
Couldn't find a Game Manager, make sure one exists in the scene.
Couldn't find GameCameras, make sure one exists in the scene.
Unloading 51 unused Assets to reduce memory usage. Loaded Objects now: 6505.
Total: 3.743200 ms (FindLiveObjects: 0.260100 ms CreateObjectMapping: 0.232000 ms MarkObjects: 3.094400 ms  DeleteObjects: 0.032400 ms)

Unloading 2 Unused Serialized files (Serialized files now loaded: 528)
Unloading 1 unused Assets to reduce memory usage. Loaded Objects now: 13737.
Total: 4.360500 ms (FindLiveObjects: 0.440700 ms CreateObjectMapping: 0.429000 ms MarkObjects: 3.471800 ms  DeleteObjects: 0.018800 ms)

Unloading 1 Unused Serialized files (Serialized files now loaded: 582)
Couldn't find GameCameras, make sure one exists in the scene.
Couldn't find a Game Manager, make sure one exists in the scene.
UnloadTime: 5.787100 ms
Loaded saved language code 'EN'
Restored language code 'EN'
Unloading 73 unused Assets to reduce memory usage. Loaded Objects now: 67996.
Total: 17.621900 ms (FindLiveObjects: 2.868900 ms CreateObjectMapping: 1.955000 ms MarkObjects: 12.499200 ms  DeleteObjects: 0.298400 ms)

MenuButton missing flashEffect!
Making UI menu lean.
Only custom filters can be played. Please add a custom filter or an audioclip to the audiosource (Audio Player Actor Distant V2(Clone)).
Only custom filters can be played. Please add a custom filter or an audioclip to the audiosource (Audio Player Actor Distant V2(Clone)).
Only custom filters can be played. Please add a custom filter or an audioclip to the audiosource (Audio Player Actor Distant V2(Clone)).
Using fallback 1 to find tilemap. Scene Belltown_Shrine requires manual fixing.
Unloading 3 Unused Serialized files (Serialized files now loaded: 581)
Unloading 115 unused Assets to reduce memory usage. Loaded Objects now: 118741.
Total: 32.570400 ms (FindLiveObjects: 5.897200 ms CreateObjectMapping: 5.055200 ms MarkObjects: 20.878900 ms  DeleteObjects: 0.738600 ms)

Converting Vertex Colors from Color32 to Color.
Converting Vertex Colors from Color32 to Color.
Converting Vertex Colors from Color32 to Color.
Input System polling thread started.
Joystick connected ("Controller (Xbox One For Windows)").
Game controller Xbox Controller attached
Shutting down Steam API.
Couldn't find a Game Manager, make sure one exists in the scene.
Couldn't find a Game Manager, make sure one exists in the scene.
Couldn't find a Game Manager, make sure one exists in the scene.
[Physics::Module] Cleanup current backned.
[Physics::Module] Id: 0xf2b8ea05
Input System module state changed to: ShutdownInProgress.
Input System polling thread stopped.
Input System polling thread exited.
Input System module state changed to: Shutdown.
